Build started 8/06/2016 4:17:25 PM.
     1>Project "C:\Users\ShmuelY\Desktop\CaptainHook\CaptainHook\CaptainHook.vcxproj" on node 2 (Rebuild target(s)).
     1>ClCompile:
         C:\Program Files (x86)\Microsoft Visual Studio 12.0\VC\bin\CL.exe /c /I"capstone-3.0.4\include" /Zi /nologo /W3 /WX- /O2 /Oi /Oy- /GL /D WIN32 /D NDEBUG /D _LIB /D _UNICODE /D UNICODE /Gm- /EHsc /MD /GS /Gy /fp:precise /Zc:wchar_t /Zc:forScope /Fo"Release\\" /Fd"Release\vc120.pdb" /Gd /TC /analyze- /errorReport:prompt /D "CAPSTONE_HAS_X86"  /D "CAPSTONE_USE_SYS_DYN_MEM" "capstone-3.0.4\arch\AArch64\AArch64BaseInfo.c" "capstone-3.0.4\arch\AArch64\AArch64Disassembler.c" "capstone-3.0.4\arch\AArch64\AArch64InstPrinter.c" "capstone-3.0.4\arch\AArch64\AArch64Mapping.c" "capstone-3.0.4\arch\AArch64\AArch64Module.c" "capstone-3.0.4\arch\ARM\ARMDisassembler.c" "capstone-3.0.4\arch\ARM\ARMInstPrinter.c" "capstone-3.0.4\arch\ARM\ARMMapping.c" "capstone-3.0.4\arch\ARM\ARMModule.c" "capstone-3.0.4\arch\Mips\MipsDisassembler.c" "capstone-3.0.4\arch\Mips\MipsInstPrinter.c" "capstone-3.0.4\arch\Mips\MipsMapping.c" "capstone-3.0.4\arch\Mips\MipsModule.c" "capstone-3.0.4\arch\PowerPC\PPCDisassembler.c" "capstone-3.0.4\arch\PowerPC\PPCInstPrinter.c" "capstone-3.0.4\arch\PowerPC\PPCMapping.c" "capstone-3.0.4\arch\PowerPC\PPCModule.c" "capstone-3.0.4\arch\Sparc\SparcDisassembler.c" "capstone-3.0.4\arch\Sparc\SparcInstPrinter.c" "capstone-3.0.4\arch\Sparc\SparcMapping.c" "capstone-3.0.4\arch\Sparc\SparcModule.c" "capstone-3.0.4\arch\SystemZ\SystemZDisassembler.c" "capstone-3.0.4\arch\SystemZ\SystemZInstPrinter.c" "capstone-3.0.4\arch\SystemZ\SystemZMapping.c" "capstone-3.0.4\arch\SystemZ\SystemZMCTargetDesc.c" "capstone-3.0.4\arch\SystemZ\SystemZModule.c" "capstone-3.0.4\arch\X86\X86ATTInstPrinter.c" "capstone-3.0.4\arch\X86\X86Disassembler.c" "capstone-3.0.4\arch\X86\X86DisassemblerDecoder.c" "capstone-3.0.4\arch\X86\X86IntelInstPrinter.c" "capstone-3.0.4\arch\X86\X86Mapping.c" "capstone-3.0.4\arch\X86\X86Module.c" "capstone-3.0.4\arch\XCore\XCoreDisassembler.c" "capstone-3.0.4\arch\XCore\XCoreInstPrinter.c" "capstone-3.0.4\arch\XCore\XCoreMapping.c" "capstone-3.0.4\arch\XCore\XCoreModule.c" "capstone-3.0.4\cs.c" "capstone-3.0.4\MCInst.c" "capstone-3.0.4\MCInstrDesc.c" "capstone-3.0.4\MCRegisterInfo.c" "capstone-3.0.4\SStream.c" "capstone-3.0.4\utils.c"
         AArch64BaseInfo.c
         AArch64Disassembler.c
         AArch64InstPrinter.c
         AArch64Mapping.c
         AArch64Module.c
         ARMDisassembler.c
         ARMInstPrinter.c
         ARMMapping.c
         ARMModule.c
         MipsDisassembler.c
         MipsInstPrinter.c
         MipsMapping.c
         MipsModule.c
         PPCDisassembler.c
         PPCInstPrinter.c
         PPCMapping.c
         PPCModule.c
         SparcDisassembler.c
         SparcInstPrinter.c
         SparcMapping.c
         Compiling...
         SparcModule.c
         SystemZDisassembler.c
         SystemZInstPrinter.c
         SystemZMapping.c
         SystemZMCTargetDesc.c
         SystemZModule.c
         X86ATTInstPrinter.c
         X86Disassembler.c
         X86DisassemblerDecoder.c
         X86IntelInstPrinter.c
         X86Mapping.c
         X86Module.c
         XCoreDisassembler.c
         XCoreInstPrinter.c
         XCoreMapping.c
         XCoreModule.c
         cs.c
         MCInst.c
         MCInstrDesc.c
         MCRegisterInfo.c
         Compiling...
         SStream.c
         utils.c
         C:\Program Files (x86)\Microsoft Visual Studio 12.0\VC\bin\CL.exe /c /I"capstone-3.0.4\include" /Zi /nologo /W3 /WX- /O2 /Oi /Oy- /GL /D WIN32 /D NDEBUG /D _LIB /D _UNICODE /D UNICODE /Gm- /EHsc /MD /GS /Gy /fp:precise /Zc:wchar_t /Zc:forScope /Fo"Release\\" /Fd"Release\vc120.pdb" /Gd /TP /analyze- /errorReport:prompt /D "CAPSTONE_HAS_X86"  /D "CAPSTONE_USE_SYS_DYN_MEM" CaptainHook.cpp
         CaptainHook.cpp
     1>CaptainHook.cpp(218): warning C4293: '>>' : shift count negative or too big, undefined behavior
     1>CaptainHook.cpp(227): warning C4293: '>>' : shift count negative or too big, undefined behavior
       Lib:
         C:\Program Files (x86)\Microsoft Visual Studio 12.0\VC\bin\Lib.exe /OUT:"C:\Users\ShmuelY\Desktop\CaptainHook\Release\CaptainHook.lib" /NOLOGO /LTCG Release\AArch64BaseInfo.obj
         Release\AArch64Disassembler.obj
         Release\AArch64InstPrinter.obj
         Release\AArch64Mapping.obj
         Release\AArch64Module.obj
         Release\ARMDisassembler.obj
         Release\ARMInstPrinter.obj
         Release\ARMMapping.obj
         Release\ARMModule.obj
         Release\MipsDisassembler.obj
         Release\MipsInstPrinter.obj
         Release\MipsMapping.obj
         Release\MipsModule.obj
         Release\PPCDisassembler.obj
         Release\PPCInstPrinter.obj
         Release\PPCMapping.obj
         Release\PPCModule.obj
         Release\SparcDisassembler.obj
         Release\SparcInstPrinter.obj
         Release\SparcMapping.obj
         Release\SparcModule.obj
         Release\SystemZDisassembler.obj
         Release\SystemZInstPrinter.obj
         Release\SystemZMapping.obj
         Release\SystemZMCTargetDesc.obj
         Release\SystemZModule.obj
         Release\X86ATTInstPrinter.obj
         Release\X86Disassembler.obj
         Release\X86DisassemblerDecoder.obj
         Release\X86IntelInstPrinter.obj
         Release\X86Mapping.obj
         Release\X86Module.obj
         Release\XCoreDisassembler.obj
         Release\XCoreInstPrinter.obj
         Release\XCoreMapping.obj
         Release\XCoreModule.obj
         Release\cs.obj
         Release\MCInst.obj
         Release\MCInstrDesc.obj
         Release\MCRegisterInfo.obj
         Release\SStream.obj
         Release\utils.obj
         Release\CaptainHook.obj
         CaptainHook.vcxproj -> C:\Users\ShmuelY\Desktop\CaptainHook\Release\CaptainHook.lib
     1>Done Building Project "C:\Users\ShmuelY\Desktop\CaptainHook\CaptainHook\CaptainHook.vcxproj" (Rebuild target(s)).

Build succeeded.

Time Elapsed 00:00:03.18
