c:\users\shmuely\documents\visual studio 2013\projects\captainhook\captainhook\x64\release\aarch64baseinfo.obj
c:\users\shmuely\documents\visual studio 2013\projects\captainhook\captainhook\x64\release\aarch64disassembler.obj
c:\users\shmuely\documents\visual studio 2013\projects\captainhook\captainhook\x64\release\aarch64instprinter.obj
c:\users\shmuely\documents\visual studio 2013\projects\captainhook\captainhook\x64\release\aarch64mapping.obj
c:\users\shmuely\documents\visual studio 2013\projects\captainhook\captainhook\x64\release\aarch64module.obj
c:\users\shmuely\documents\visual studio 2013\projects\captainhook\captainhook\x64\release\armdisassembler.obj
c:\users\shmuely\documents\visual studio 2013\projects\captainhook\captainhook\x64\release\arminstprinter.obj
c:\users\shmuely\documents\visual studio 2013\projects\captainhook\captainhook\x64\release\armmapping.obj
c:\users\shmuely\documents\visual studio 2013\projects\captainhook\captainhook\x64\release\armmodule.obj
c:\users\shmuely\documents\visual studio 2013\projects\captainhook\captainhook\x64\release\cs.obj
c:\users\shmuely\documents\visual studio 2013\projects\captainhook\captainhook\x64\release\hookfw.obj
c:\users\shmuely\documents\visual studio 2013\projects\captainhook\captainhook\x64\release\mcinst.obj
c:\users\shmuely\documents\visual studio 2013\projects\captainhook\captainhook\x64\release\mcinstrdesc.obj
c:\users\shmuely\documents\visual studio 2013\projects\captainhook\captainhook\x64\release\mcregisterinfo.obj
c:\users\shmuely\documents\visual studio 2013\projects\captainhook\captainhook\x64\release\mipsdisassembler.obj
c:\users\shmuely\documents\visual studio 2013\projects\captainhook\captainhook\x64\release\mipsinstprinter.obj
c:\users\shmuely\documents\visual studio 2013\projects\captainhook\captainhook\x64\release\mipsmapping.obj
c:\users\shmuely\documents\visual studio 2013\projects\captainhook\captainhook\x64\release\mipsmodule.obj
c:\users\shmuely\documents\visual studio 2013\projects\captainhook\captainhook\x64\release\ppcdisassembler.obj
c:\users\shmuely\documents\visual studio 2013\projects\captainhook\captainhook\x64\release\ppcinstprinter.obj
c:\users\shmuely\documents\visual studio 2013\projects\captainhook\captainhook\x64\release\ppcmapping.obj
c:\users\shmuely\documents\visual studio 2013\projects\captainhook\captainhook\x64\release\ppcmodule.obj
c:\users\shmuely\documents\visual studio 2013\projects\captainhook\captainhook\x64\release\sparcdisassembler.obj
c:\users\shmuely\documents\visual studio 2013\projects\captainhook\captainhook\x64\release\sparcinstprinter.obj
c:\users\shmuely\documents\visual studio 2013\projects\captainhook\captainhook\x64\release\sparcmapping.obj
c:\users\shmuely\documents\visual studio 2013\projects\captainhook\captainhook\x64\release\sparcmodule.obj
c:\users\shmuely\documents\visual studio 2013\projects\captainhook\captainhook\x64\release\sstream.obj
c:\users\shmuely\documents\visual studio 2013\projects\captainhook\captainhook\x64\release\systemzdisassembler.obj
c:\users\shmuely\documents\visual studio 2013\projects\captainhook\captainhook\x64\release\systemzinstprinter.obj
c:\users\shmuely\documents\visual studio 2013\projects\captainhook\captainhook\x64\release\systemzmapping.obj
c:\users\shmuely\documents\visual studio 2013\projects\captainhook\captainhook\x64\release\systemzmctargetdesc.obj
c:\users\shmuely\documents\visual studio 2013\projects\captainhook\captainhook\x64\release\systemzmodule.obj
c:\users\shmuely\documents\visual studio 2013\projects\captainhook\captainhook\x64\release\utils.obj
c:\users\shmuely\documents\visual studio 2013\projects\captainhook\captainhook\x64\release\x86attinstprinter.obj
c:\users\shmuely\documents\visual studio 2013\projects\captainhook\captainhook\x64\release\x86disassembler.obj
c:\users\shmuely\documents\visual studio 2013\projects\captainhook\captainhook\x64\release\x86disassemblerdecoder.obj
c:\users\shmuely\documents\visual studio 2013\projects\captainhook\captainhook\x64\release\x86intelinstprinter.obj
c:\users\shmuely\documents\visual studio 2013\projects\captainhook\captainhook\x64\release\x86mapping.obj
c:\users\shmuely\documents\visual studio 2013\projects\captainhook\captainhook\x64\release\x86module.obj
c:\users\shmuely\documents\visual studio 2013\projects\captainhook\captainhook\x64\release\xcoredisassembler.obj
c:\users\shmuely\documents\visual studio 2013\projects\captainhook\captainhook\x64\release\xcoreinstprinter.obj
c:\users\shmuely\documents\visual studio 2013\projects\captainhook\captainhook\x64\release\xcoremapping.obj
c:\users\shmuely\documents\visual studio 2013\projects\captainhook\captainhook\x64\release\xcoremodule.obj
c:\users\shmuely\documents\visual studio 2013\projects\captainhook\captainhook\x64\release\vc120.pdb
