Build started 10/08/2016 3:02:00 PM.
     1>Project "C:\Users\ShmuelY\Documents\Visual Studio 2013\Projects\CaptainHook\CaptainHook\CaptainHook.vcxproj" on node 2 (Rebuild target(s)).
     1>C:\Program Files (x86)\MSBuild\Microsoft.Cpp\v4.0\V120\Microsoft.CppBuild.targets(388,5): warning MSB8028: The intermediate directory (x64\Release\) contains files shared from another project (HookFw.vcxproj).  This can lead to incorrect clean and rebuild behavior.
     1>ClCompile:
         C:\Program Files (x86)\Microsoft Visual Studio 12.0\VC\bin\x86_amd64\CL.exe /c /I"capstone-3.0.4\include" /Zi /nologo /W3 /WX- /O2 /Oi /GL /D WIN32 /D NDEBUG /D _LIB /D _UNICODE /D UNICODE /Gm- /EHsc /MD /GS /Gy /fp:precise /Zc:wchar_t /Zc:forScope /Fo"x64\Release\\" /Fd"x64\Release\vc120.pdb" /Gd /TC /errorReport:prompt /D "CAPSTONE_HAS_X86"  /D "CAPSTONE_USE_SYS_DYN_MEM" "capstone-3.0.4\arch\AArch64\AArch64BaseInfo.c" "capstone-3.0.4\arch\AArch64\AArch64Disassembler.c" "capstone-3.0.4\arch\AArch64\AArch64InstPrinter.c" "capstone-3.0.4\arch\AArch64\AArch64Mapping.c" "capstone-3.0.4\arch\AArch64\AArch64Module.c" "capstone-3.0.4\arch\ARM\ARMDisassembler.c" "capstone-3.0.4\arch\ARM\ARMInstPrinter.c" "capstone-3.0.4\arch\ARM\ARMMapping.c" "capstone-3.0.4\arch\ARM\ARMModule.c" "capstone-3.0.4\arch\Mips\MipsDisassembler.c" "capstone-3.0.4\arch\Mips\MipsInstPrinter.c" "capstone-3.0.4\arch\Mips\MipsMapping.c" "capstone-3.0.4\arch\Mips\MipsModule.c" "capstone-3.0.4\arch\PowerPC\PPCDisassembler.c" "capstone-3.0.4\arch\PowerPC\PPCInstPrinter.c" "capstone-3.0.4\arch\PowerPC\PPCMapping.c" "capstone-3.0.4\arch\PowerPC\PPCModule.c" "capstone-3.0.4\arch\Sparc\SparcDisassembler.c" "capstone-3.0.4\arch\Sparc\SparcInstPrinter.c" "capstone-3.0.4\arch\Sparc\SparcMapping.c" "capstone-3.0.4\arch\Sparc\SparcModule.c" "capstone-3.0.4\arch\SystemZ\SystemZDisassembler.c" "capstone-3.0.4\arch\SystemZ\SystemZInstPrinter.c" "capstone-3.0.4\arch\SystemZ\SystemZMapping.c" "capstone-3.0.4\arch\SystemZ\SystemZMCTargetDesc.c" "capstone-3.0.4\arch\SystemZ\SystemZModule.c" "capstone-3.0.4\arch\X86\X86ATTInstPrinter.c" "capstone-3.0.4\arch\X86\X86Disassembler.c" "capstone-3.0.4\arch\X86\X86DisassemblerDecoder.c" "capstone-3.0.4\arch\X86\X86IntelInstPrinter.c" "capstone-3.0.4\arch\X86\X86Mapping.c" "capstone-3.0.4\arch\X86\X86Module.c" "capstone-3.0.4\arch\XCore\XCoreDisassembler.c" "capstone-3.0.4\arch\XCore\XCoreInstPrinter.c" "capstone-3.0.4\arch\XCore\XCoreMapping.c" "capstone-3.0.4\arch\XCore\XCoreModule.c" "capstone-3.0.4\cs.c" "capstone-3.0.4\MCInst.c" "capstone-3.0.4\MCInstrDesc.c" "capstone-3.0.4\MCRegisterInfo.c" "capstone-3.0.4\SStream.c" "capstone-3.0.4\utils.c"
         AArch64BaseInfo.c
         AArch64Disassembler.c
         AArch64InstPrinter.c
         AArch64Mapping.c
         AArch64Module.c
         ARMDisassembler.c
         ARMInstPrinter.c
         ARMMapping.c
         ARMModule.c
         MipsDisassembler.c
         MipsInstPrinter.c
         MipsMapping.c
         MipsModule.c
         PPCDisassembler.c
         PPCInstPrinter.c
         PPCMapping.c
         PPCModule.c
         SparcDisassembler.c
         SparcInstPrinter.c
         SparcMapping.c
         Compiling...
         SparcModule.c
         SystemZDisassembler.c
         SystemZInstPrinter.c
         SystemZMapping.c
         SystemZMCTargetDesc.c
         SystemZModule.c
         X86ATTInstPrinter.c
         X86Disassembler.c
         X86DisassemblerDecoder.c
         X86IntelInstPrinter.c
         X86Mapping.c
         X86Module.c
         XCoreDisassembler.c
         XCoreInstPrinter.c
         XCoreMapping.c
         XCoreModule.c
         cs.c
         MCInst.c
         MCInstrDesc.c
         MCRegisterInfo.c
         Compiling...
         SStream.c
         utils.c
         C:\Program Files (x86)\Microsoft Visual Studio 12.0\VC\bin\x86_amd64\CL.exe /c /I"capstone-3.0.4\include" /Zi /nologo /W3 /WX- /O2 /Oi /GL /D WIN32 /D NDEBUG /D _LIB /D _UNICODE /D UNICODE /Gm- /EHsc /MD /GS /Gy /fp:precise /Zc:wchar_t /Zc:forScope /Fo"x64\Release\\" /Fd"x64\Release\vc120.pdb" /Gd /TP /errorReport:prompt /D "CAPSTONE_HAS_X86"  /D "CAPSTONE_USE_SYS_DYN_MEM" CaptainHook.cpp
         CaptainHook.cpp
       Lib:
         C:\Program Files (x86)\Microsoft Visual Studio 12.0\VC\bin\x86_amd64\Lib.exe /OUT:"C:\Users\ShmuelY\Documents\Visual Studio 2013\Projects\CaptainHook\x64\Release\CaptainHook.lib" /NOLOGO /MACHINE:X64 /LTCG x64\Release\AArch64BaseInfo.obj
         x64\Release\AArch64Disassembler.obj
         x64\Release\AArch64InstPrinter.obj
         x64\Release\AArch64Mapping.obj
         x64\Release\AArch64Module.obj
         x64\Release\ARMDisassembler.obj
         x64\Release\ARMInstPrinter.obj
         x64\Release\ARMMapping.obj
         x64\Release\ARMModule.obj
         x64\Release\MipsDisassembler.obj
         x64\Release\MipsInstPrinter.obj
         x64\Release\MipsMapping.obj
         x64\Release\MipsModule.obj
         x64\Release\PPCDisassembler.obj
         x64\Release\PPCInstPrinter.obj
         x64\Release\PPCMapping.obj
         x64\Release\PPCModule.obj
         x64\Release\SparcDisassembler.obj
         x64\Release\SparcInstPrinter.obj
         x64\Release\SparcMapping.obj
         x64\Release\SparcModule.obj
         x64\Release\SystemZDisassembler.obj
         x64\Release\SystemZInstPrinter.obj
         x64\Release\SystemZMapping.obj
         x64\Release\SystemZMCTargetDesc.obj
         x64\Release\SystemZModule.obj
         x64\Release\X86ATTInstPrinter.obj
         x64\Release\X86Disassembler.obj
         x64\Release\X86DisassemblerDecoder.obj
         x64\Release\X86IntelInstPrinter.obj
         x64\Release\X86Mapping.obj
         x64\Release\X86Module.obj
         x64\Release\XCoreDisassembler.obj
         x64\Release\XCoreInstPrinter.obj
         x64\Release\XCoreMapping.obj
         x64\Release\XCoreModule.obj
         x64\Release\cs.obj
         x64\Release\MCInst.obj
         x64\Release\MCInstrDesc.obj
         x64\Release\MCRegisterInfo.obj
         x64\Release\SStream.obj
         x64\Release\utils.obj
         x64\Release\CaptainHook.obj
         CaptainHook.vcxproj -> C:\Users\ShmuelY\Documents\Visual Studio 2013\Projects\CaptainHook\x64\Release\CaptainHook.lib
     1>Done Building Project "C:\Users\ShmuelY\Documents\Visual Studio 2013\Projects\CaptainHook\CaptainHook\CaptainHook.vcxproj" (Rebuild target(s)).

Build succeeded.

Time Elapsed 00:00:02.75
